c:\users\fiffy\desktop\consolechess\chess-app\chessgamepracticumproject\x64\debug\chessgamepracticumproject.pch
c:\users\fiffy\desktop\consolechess\chess-app\chessgamepracticumproject\x64\debug\vc142.pdb
c:\users\fiffy\desktop\consolechess\chess-app\chessgamepracticumproject\x64\debug\vc142.idb
c:\users\fiffy\desktop\consolechess\chess-app\chessgamepracticumproject\x64\debug\stdafx.obj
c:\users\fiffy\desktop\consolechess\chess-app\chessgamepracticumproject\x64\debug\view.obj
c:\users\fiffy\desktop\consolechess\chess-app\chessgamepracticumproject\x64\debug\spot.obj
c:\users\fiffy\desktop\consolechess\chess-app\chessgamepracticumproject\x64\debug\rook.obj
c:\users\fiffy\desktop\consolechess\chess-app\chessgamepracticumproject\x64\debug\queen.obj
c:\users\fiffy\desktop\consolechess\chess-app\chessgamepracticumproject\x64\debug\position.obj
c:\users\fiffy\desktop\consolechess\chess-app\chessgamepracticumproject\x64\debug\pawn.obj
c:\users\fiffy\desktop\consolechess\chess-app\chessgamepracticumproject\x64\debug\move.obj
c:\users\fiffy\desktop\consolechess\chess-app\chessgamepracticumproject\x64\debug\king.obj
c:\users\fiffy\desktop\consolechess\chess-app\chessgamepracticumproject\x64\debug\horse.obj
c:\users\fiffy\desktop\consolechess\chess-app\chessgamepracticumproject\x64\debug\game.obj
c:\users\fiffy\desktop\consolechess\chess-app\chessgamepracticumproject\x64\debug\figure.obj
c:\users\fiffy\desktop\consolechess\chess-app\chessgamepracticumproject\x64\debug\consoleview.obj
c:\users\fiffy\desktop\consolechess\chess-app\chessgamepracticumproject\x64\debug\chessgamepracticumproject.obj
c:\users\fiffy\desktop\consolechess\chess-app\chessgamepracticumproject\x64\debug\board.obj
c:\users\fiffy\desktop\consolechess\chess-app\chessgamepracticumproject\x64\debug\bishop.obj
c:\users\fiffy\desktop\consolechess\chess-app\x64\debug\chessgamepracticumproject.ilk
c:\users\fiffy\desktop\consolechess\chess-app\x64\debug\chessgamepracticumproject.exe
c:\users\fiffy\desktop\consolechess\chess-app\x64\debug\chessgamepracticumproject.pdb
c:\users\fiffy\desktop\consolechess\chess-app\chessgamepracticumproject\x64\debug\chessgam.678398d9.tlog\cl.command.1.tlog
c:\users\fiffy\desktop\consolechess\chess-app\chessgamepracticumproject\x64\debug\chessgam.678398d9.tlog\cl.read.1.tlog
c:\users\fiffy\desktop\consolechess\chess-app\chessgamepracticumproject\x64\debug\chessgam.678398d9.tlog\cl.write.1.tlog
c:\users\fiffy\desktop\consolechess\chess-app\chessgamepracticumproject\x64\debug\chessgam.678398d9.tlog\link.command.1.tlog
c:\users\fiffy\desktop\consolechess\chess-app\chessgamepracticumproject\x64\debug\chessgam.678398d9.tlog\link.read.1.tlog
c:\users\fiffy\desktop\consolechess\chess-app\chessgamepracticumproject\x64\debug\chessgam.678398d9.tlog\link.write.1.tlog
