c:\users\fiffy\desktop\consolechess\chess-app\chessgamepracticumproject\debug\chessgamepracticumproject.pch
c:\users\fiffy\desktop\consolechess\chess-app\chessgamepracticumproject\debug\vc142.pdb
c:\users\fiffy\desktop\consolechess\chess-app\chessgamepracticumproject\debug\vc142.idb
c:\users\fiffy\desktop\consolechess\chess-app\chessgamepracticumproject\debug\stdafx.obj
c:\users\fiffy\desktop\consolechess\chess-app\chessgamepracticumproject\debug\view.obj
c:\users\fiffy\desktop\consolechess\chess-app\chessgamepracticumproject\debug\spot.obj
c:\users\fiffy\desktop\consolechess\chess-app\chessgamepracticumproject\debug\rook.obj
c:\users\fiffy\desktop\consolechess\chess-app\chessgamepracticumproject\debug\queen.obj
c:\users\fiffy\desktop\consolechess\chess-app\chessgamepracticumproject\debug\position.obj
c:\users\fiffy\desktop\consolechess\chess-app\chessgamepracticumproject\debug\pawn.obj
c:\users\fiffy\desktop\consolechess\chess-app\chessgamepracticumproject\debug\move.obj
c:\users\fiffy\desktop\consolechess\chess-app\chessgamepracticumproject\debug\king.obj
c:\users\fiffy\desktop\consolechess\chess-app\chessgamepracticumproject\debug\horse.obj
c:\users\fiffy\desktop\consolechess\chess-app\chessgamepracticumproject\debug\game.obj
c:\users\fiffy\desktop\consolechess\chess-app\chessgamepracticumproject\debug\figure.obj
c:\users\fiffy\desktop\consolechess\chess-app\chessgamepracticumproject\debug\consoleview.obj
c:\users\fiffy\desktop\consolechess\chess-app\chessgamepracticumproject\debug\chessgamepracticumproject.obj
c:\users\fiffy\desktop\consolechess\chess-app\chessgamepracticumproject\debug\bishop.obj
c:\users\fiffy\desktop\consolechess\chess-app\chessgamepracticumproject\debug\chessgam.678398d9.tlog\cl.command.1.tlog
c:\users\fiffy\desktop\consolechess\chess-app\chessgamepracticumproject\debug\chessgam.678398d9.tlog\cl.read.1.tlog
c:\users\fiffy\desktop\consolechess\chess-app\chessgamepracticumproject\debug\chessgam.678398d9.tlog\cl.write.1.tlog
